{"/Users/Taivnaa/Desktop/github/file-uploader/client/App.js": {"path":"/Users/Taivnaa/Desktop/github/file-uploader/client/App.js","statementMap":{"0":{"start":{"line":9,"column":12},"end":{"line":27,"column":1}},"1":{"start":{"line":10,"column":38},"end":{"line":10,"column":48}},"2":{"start":{"line":11,"column":22},"end":{"line":17,"column":3}},"3":{"start":{"line":12,"column":4},"end":{"line":16,"column":38}},"4":{"start":{"line":14,"column":8},"end":{"line":14,"column":28}},"5":{"start":{"line":16,"column":20},"end":{"line":16,"column":36}},"6":{"start":{"line":19,"column":2},"end":{"line":26,"column":3}}},"fnMap":{"0":{"name":"(anonymous_0)","decl":{"start":{"line":9,"column":12},"end":{"line":9,"column":13}},"loc":{"start":{"line":9,"column":18},"end":{"line":27,"column":1}},"line":9},"1":{"name":"(anonymous_1)","decl":{"start":{"line":11,"column":22},"end":{"line":11,"column":23}},"loc":{"start":{"line":11,"column":30},"end":{"line":17,"column":3}},"line":11},"2":{"name":"(anonymous_2)","decl":{"start":{"line":13,"column":12},"end":{"line":13,"column":13}},"loc":{"start":{"line":13,"column":24},"end":{"line":15,"column":7}},"line":13},"3":{"name":"(anonymous_3)","decl":{"start":{"line":16,"column":13},"end":{"line":16,"column":14}},"loc":{"start":{"line":16,"column":20},"end":{"line":16,"column":36}},"line":16}},"branchMap":{"0":{"loc":{"start":{"line":23,"column":7},"end":{"line":23,"column":73}},"type":"cond-expr","locations":[{"start":{"line":23,"column":20},"end":{"line":23,"column":66}},{"start":{"line":23,"column":69},"end":{"line":23,"column":73}}],"line":23}},"s":{"0":1,"1":3,"2":3,"3":0,"4":0,"5":0,"6":3},"f":{"0":3,"1":0,"2":0,"3":0},"b":{"0":[0,3]},"_coverageSchema":"1a1c01bbd47fc00a2c39e90264f33305004495a9","hash":"9b7f850f363a07df4769b871f54676a7b1de818a"}
,"/Users/Taivnaa/Desktop/github/file-uploader/client/CreatePhoto.js": {"path":"/Users/Taivnaa/Desktop/github/file-uploader/client/CreatePhoto.js","statementMap":{"0":{"start":{"line":5,"column":20},"end":{"line":62,"column":1}},"1":{"start":{"line":6,"column":26},"end":{"line":6,"column":38}},"2":{"start":{"line":7,"column":28},"end":{"line":7,"column":40}},"3":{"start":{"line":8,"column":40},"end":{"line":8,"column":52}},"4":{"start":{"line":9,"column":34},"end":{"line":9,"column":49}},"5":{"start":{"line":12,"column":22},"end":{"line":12,"column":35}},"6":{"start":{"line":13,"column":4},"end":{"line":22,"column":5}},"7":{"start":{"line":14,"column":19},"end":{"line":14,"column":43}},"8":{"start":{"line":15,"column":8},"end":{"line":15,"column":14}},"9":{"start":{"line":16,"column":20},"end":{"line":16,"column":48}},"10":{"start":{"line":17,"column":8},"end":{"line":17,"column":14}},"11":{"start":{"line":18,"column":26},"end":{"line":18,"column":57}},"12":{"start":{"line":19,"column":8},"end":{"line":19,"column":14}},"13":{"start":{"line":20,"column":23},"end":{"line":20,"column":51}},"14":{"start":{"line":21,"column":8},"end":{"line":21,"column":14}},"15":{"start":{"line":26,"column":15},"end":{"line":26,"column":20}},"16":{"start":{"line":27,"column":19},"end":{"line":27,"column":33}},"17":{"start":{"line":28,"column":4},"end":{"line":28,"column":35}},"18":{"start":{"line":29,"column":4},"end":{"line":29,"column":34}},"19":{"start":{"line":30,"column":4},"end":{"line":30,"column":48}},"20":{"start":{"line":31,"column":4},"end":{"line":31,"column":42}},"21":{"start":{"line":32,"column":4},"end":{"line":34,"column":38}},"22":{"start":{"line":33,"column":19},"end":{"line":33,"column":32}},"23":{"start":{"line":34,"column":20},"end":{"line":34,"column":36}},"24":{"start":{"line":37,"column":2},"end":{"line":61,"column":3}},"25":{"start":{"line":39,"column":6},"end":{"line":39,"column":25}},"26":{"start":{"line":40,"column":6},"end":{"line":40,"column":20}},"27":{"start":{"line":59,"column":29},"end":{"line":59,"column":42}}},"fnMap":{"0":{"name":"(anonymous_0)","decl":{"start":{"line":5,"column":20},"end":{"line":5,"column":21}},"loc":{"start":{"line":5,"column":26},"end":{"line":62,"column":1}},"line":5},"1":{"name":"handleChange","decl":{"start":{"line":11,"column":11},"end":{"line":11,"column":23}},"loc":{"start":{"line":11,"column":27},"end":{"line":23,"column":3}},"line":11},"2":{"name":"fileUpload","decl":{"start":{"line":25,"column":11},"end":{"line":25,"column":21}},"loc":{"start":{"line":25,"column":24},"end":{"line":35,"column":3}},"line":25},"3":{"name":"(anonymous_3)","decl":{"start":{"line":33,"column":12},"end":{"line":33,"column":13}},"loc":{"start":{"line":33,"column":19},"end":{"line":33,"column":32}},"line":33},"4":{"name":"(anonymous_4)","decl":{"start":{"line":34,"column":13},"end":{"line":34,"column":14}},"loc":{"start":{"line":34,"column":20},"end":{"line":34,"column":36}},"line":34},"5":{"name":"(anonymous_5)","decl":{"start":{"line":38,"column":20},"end":{"line":38,"column":21}},"loc":{"start":{"line":38,"column":25},"end":{"line":41,"column":5}},"line":38},"6":{"name":"(anonymous_6)","decl":{"start":{"line":59,"column":23},"end":{"line":59,"column":24}},"loc":{"start":{"line":59,"column":29},"end":{"line":59,"column":42}},"line":59}},"branchMap":{"0":{"loc":{"start":{"line":13,"column":4},"end":{"line":22,"column":5}},"type":"switch","locations":[{"start":{"line":14,"column":6},"end":{"line":15,"column":14}},{"start":{"line":16,"column":6},"end":{"line":17,"column":14}},{"start":{"line":18,"column":6},"end":{"line":19,"column":14}},{"start":{"line":20,"column":6},"end":{"line":21,"column":14}}],"line":13}},"s":{"0":2,"1":2,"2":2,"3":2,"4":2,"5":0,"6":0,"7":0,"8":0,"9":0,"10":0,"11":0,"12":0,"13":0,"14":0,"15":0,"16":0,"17":0,"18":0,"19":0,"20":0,"21":0,"22":0,"23":0,"24":2,"25":0,"26":0,"27":0},"f":{"0":2,"1":0,"2":0,"3":0,"4":0,"5":0,"6":0},"b":{"0":[0,0,0,0]},"_coverageSchema":"1a1c01bbd47fc00a2c39e90264f33305004495a9","hash":"e027554b92524da486a87ac191f1fef8c7b88ff3"}
,"/Users/Taivnaa/Desktop/github/file-uploader/client/EditPhoto.js": {"path":"/Users/Taivnaa/Desktop/github/file-uploader/client/EditPhoto.js","statementMap":{"0":{"start":{"line":5,"column":18},"end":{"line":65,"column":1}},"1":{"start":{"line":6,"column":26},"end":{"line":6,"column":44}},"2":{"start":{"line":7,"column":28},"end":{"line":7,"column":45}},"3":{"start":{"line":8,"column":40},"end":{"line":8,"column":52}},"4":{"start":{"line":9,"column":34},"end":{"line":9,"column":49}},"5":{"start":{"line":12,"column":22},"end":{"line":12,"column":35}},"6":{"start":{"line":13,"column":4},"end":{"line":22,"column":5}},"7":{"start":{"line":14,"column":19},"end":{"line":14,"column":43}},"8":{"start":{"line":15,"column":8},"end":{"line":15,"column":14}},"9":{"start":{"line":16,"column":20},"end":{"line":16,"column":48}},"10":{"start":{"line":17,"column":8},"end":{"line":17,"column":14}},"11":{"start":{"line":18,"column":26},"end":{"line":18,"column":57}},"12":{"start":{"line":19,"column":8},"end":{"line":19,"column":14}},"13":{"start":{"line":20,"column":23},"end":{"line":20,"column":51}},"14":{"start":{"line":21,"column":8},"end":{"line":21,"column":14}},"15":{"start":{"line":25,"column":19},"end":{"line":37,"column":3}},"16":{"start":{"line":26,"column":17},"end":{"line":26,"column":22}},"17":{"start":{"line":27,"column":21},"end":{"line":27,"column":35}},"18":{"start":{"line":28,"column":6},"end":{"line":28,"column":37}},"19":{"start":{"line":29,"column":6},"end":{"line":29,"column":36}},"20":{"start":{"line":30,"column":6},"end":{"line":30,"column":50}},"21":{"start":{"line":31,"column":6},"end":{"line":31,"column":44}},"22":{"start":{"line":32,"column":6},"end":{"line":32,"column":45}},"23":{"start":{"line":33,"column":6},"end":{"line":33,"column":45}},"24":{"start":{"line":34,"column":6},"end":{"line":36,"column":40}},"25":{"start":{"line":35,"column":21},"end":{"line":35,"column":34}},"26":{"start":{"line":36,"column":22},"end":{"line":36,"column":38}},"27":{"start":{"line":39,"column":2},"end":{"line":64,"column":3}},"28":{"start":{"line":42,"column":6},"end":{"line":42,"column":25}},"29":{"start":{"line":43,"column":6},"end":{"line":43,"column":24}},"30":{"start":{"line":61,"column":29},"end":{"line":61,"column":42}}},"fnMap":{"0":{"name":"(anonymous_0)","decl":{"start":{"line":5,"column":18},"end":{"line":5,"column":19}},"loc":{"start":{"line":5,"column":29},"end":{"line":65,"column":1}},"line":5},"1":{"name":"handleChange","decl":{"start":{"line":11,"column":11},"end":{"line":11,"column":23}},"loc":{"start":{"line":11,"column":27},"end":{"line":23,"column":3}},"line":11},"2":{"name":"(anonymous_2)","decl":{"start":{"line":25,"column":19},"end":{"line":25,"column":20}},"loc":{"start":{"line":25,"column":27},"end":{"line":37,"column":3}},"line":25},"3":{"name":"(anonymous_3)","decl":{"start":{"line":35,"column":14},"end":{"line":35,"column":15}},"loc":{"start":{"line":35,"column":21},"end":{"line":35,"column":34}},"line":35},"4":{"name":"(anonymous_4)","decl":{"start":{"line":36,"column":15},"end":{"line":36,"column":16}},"loc":{"start":{"line":36,"column":22},"end":{"line":36,"column":38}},"line":36},"5":{"name":"(anonymous_5)","decl":{"start":{"line":41,"column":20},"end":{"line":41,"column":21}},"loc":{"start":{"line":41,"column":25},"end":{"line":44,"column":5}},"line":41},"6":{"name":"(anonymous_6)","decl":{"start":{"line":61,"column":23},"end":{"line":61,"column":24}},"loc":{"start":{"line":61,"column":29},"end":{"line":61,"column":42}},"line":61}},"branchMap":{"0":{"loc":{"start":{"line":13,"column":4},"end":{"line":22,"column":5}},"type":"switch","locations":[{"start":{"line":14,"column":6},"end":{"line":15,"column":14}},{"start":{"line":16,"column":6},"end":{"line":17,"column":14}},{"start":{"line":18,"column":6},"end":{"line":19,"column":14}},{"start":{"line":20,"column":6},"end":{"line":21,"column":14}}],"line":13}},"s":{"0":3,"1":2,"2":2,"3":2,"4":2,"5":0,"6":0,"7":0,"8":0,"9":0,"10":0,"11":0,"12":0,"13":0,"14":0,"15":2,"16":0,"17":0,"18":0,"19":0,"20":0,"21":0,"22":0,"23":0,"24":0,"25":0,"26":0,"27":2,"28":0,"29":0,"30":0},"f":{"0":2,"1":0,"2":0,"3":0,"4":0,"5":0,"6":0},"b":{"0":[0,0,0,0]},"_coverageSchema":"1a1c01bbd47fc00a2c39e90264f33305004495a9","hash":"a0e8064ef8dcb9df0dfc246fd861b7e1e3d411f7"}
,"/Users/Taivnaa/Desktop/github/file-uploader/client/PhotoItem.js": {"path":"/Users/Taivnaa/Desktop/github/file-uploader/client/PhotoItem.js","statementMap":{"0":{"start":{"line":4,"column":14},"end":{"line":13,"column":1}},"1":{"start":{"line":5,"column":2},"end":{"line":12,"column":3}},"2":{"start":{"line":7,"column":6},"end":{"line":7,"column":29}},"3":{"start":{"line":8,"column":6},"end":{"line":8,"column":25}}},"fnMap":{"0":{"name":"(anonymous_0)","decl":{"start":{"line":4,"column":14},"end":{"line":4,"column":15}},"loc":{"start":{"line":4,"column":40},"end":{"line":13,"column":1}},"line":4},"1":{"name":"(anonymous_1)","decl":{"start":{"line":6,"column":19},"end":{"line":6,"column":20}},"loc":{"start":{"line":6,"column":25},"end":{"line":9,"column":5}},"line":6}},"branchMap":{},"s":{"0":3,"1":2,"2":0,"3":0},"f":{"0":2,"1":0},"b":{},"_coverageSchema":"1a1c01bbd47fc00a2c39e90264f33305004495a9","hash":"79367dc905d81cae5978293680f2ad3c9d98b7b1"}
,"/Users/Taivnaa/Desktop/github/file-uploader/client/Photos.js": {"path":"/Users/Taivnaa/Desktop/github/file-uploader/client/Photos.js","statementMap":{"0":{"start":{"line":6,"column":15},"end":{"line":31,"column":1}},"1":{"start":{"line":7,"column":30},"end":{"line":7,"column":42}},"2":{"start":{"line":9,"column":2},"end":{"line":11,"column":7}},"3":{"start":{"line":10,"column":4},"end":{"line":10,"column":19}},"4":{"start":{"line":13,"column":23},"end":{"line":19,"column":3}},"5":{"start":{"line":14,"column":4},"end":{"line":18,"column":47}},"6":{"start":{"line":16,"column":8},"end":{"line":16,"column":24}},"7":{"start":{"line":18,"column":20},"end":{"line":18,"column":45}},"8":{"start":{"line":21,"column":2},"end":{"line":30,"column":3}},"9":{"start":{"line":25,"column":27},"end":{"line":25,"column":46}},"10":{"start":{"line":27,"column":6},"end":{"line":27,"column":80}}},"fnMap":{"0":{"name":"(anonymous_0)","decl":{"start":{"line":6,"column":15},"end":{"line":6,"column":16}},"loc":{"start":{"line":6,"column":26},"end":{"line":31,"column":1}},"line":6},"1":{"name":"(anonymous_1)","decl":{"start":{"line":9,"column":12},"end":{"line":9,"column":13}},"loc":{"start":{"line":9,"column":18},"end":{"line":11,"column":3}},"line":9},"2":{"name":"(anonymous_2)","decl":{"start":{"line":13,"column":23},"end":{"line":13,"column":24}},"loc":{"start":{"line":13,"column":29},"end":{"line":19,"column":3}},"line":13},"3":{"name":"(anonymous_3)","decl":{"start":{"line":15,"column":12},"end":{"line":15,"column":13}},"loc":{"start":{"line":15,"column":24},"end":{"line":17,"column":7}},"line":15},"4":{"name":"(anonymous_4)","decl":{"start":{"line":18,"column":13},"end":{"line":18,"column":14}},"loc":{"start":{"line":18,"column":20},"end":{"line":18,"column":45}},"line":18},"5":{"name":"(anonymous_5)","decl":{"start":{"line":25,"column":21},"end":{"line":25,"column":22}},"loc":{"start":{"line":25,"column":27},"end":{"line":25,"column":46}},"line":25},"6":{"name":"(anonymous_6)","decl":{"start":{"line":26,"column":16},"end":{"line":26,"column":17}},"loc":{"start":{"line":26,"column":30},"end":{"line":28,"column":5}},"line":26}},"branchMap":{},"s":{"0":2,"1":2,"2":2,"3":0,"4":2,"5":0,"6":0,"7":0,"8":2,"9":0,"10":0},"f":{"0":2,"1":0,"2":0,"3":0,"4":0,"5":0,"6":0},"b":{},"_coverageSchema":"1a1c01bbd47fc00a2c39e90264f33305004495a9","hash":"8bc18fd3b3e51b1bdebfbdf058af3a6a8e79611b"}
,"/Users/Taivnaa/Desktop/github/file-uploader/client/SinglePhoto.js": {"path":"/Users/Taivnaa/Desktop/github/file-uploader/client/SinglePhoto.js","statementMap":{"0":{"start":{"line":7,"column":20},"end":{"line":40,"column":1}},"1":{"start":{"line":8,"column":36},"end":{"line":8,"column":51}},"2":{"start":{"line":10,"column":30},"end":{"line":12,"column":3}},"3":{"start":{"line":11,"column":4},"end":{"line":11,"column":24}},"4":{"start":{"line":14,"column":22},"end":{"line":22,"column":3}},"5":{"start":{"line":15,"column":4},"end":{"line":21,"column":8}},"6":{"start":{"line":17,"column":8},"end":{"line":17,"column":22}},"7":{"start":{"line":20,"column":8},"end":{"line":20,"column":34}},"8":{"start":{"line":24,"column":2},"end":{"line":39,"column":3}},"9":{"start":{"line":33,"column":31},"end":{"line":33,"column":49}},"10":{"start":{"line":34,"column":31},"end":{"line":34,"column":51}}},"fnMap":{"0":{"name":"(anonymous_0)","decl":{"start":{"line":7,"column":20},"end":{"line":7,"column":21}},"loc":{"start":{"line":7,"column":31},"end":{"line":40,"column":1}},"line":7},"1":{"name":"(anonymous_1)","decl":{"start":{"line":10,"column":30},"end":{"line":10,"column":31}},"loc":{"start":{"line":10,"column":36},"end":{"line":12,"column":3}},"line":10},"2":{"name":"(anonymous_2)","decl":{"start":{"line":14,"column":22},"end":{"line":14,"column":23}},"loc":{"start":{"line":14,"column":30},"end":{"line":22,"column":3}},"line":14},"3":{"name":"(anonymous_3)","decl":{"start":{"line":16,"column":12},"end":{"line":16,"column":13}},"loc":{"start":{"line":16,"column":21},"end":{"line":18,"column":7}},"line":16},"4":{"name":"(anonymous_4)","decl":{"start":{"line":19,"column":13},"end":{"line":19,"column":14}},"loc":{"start":{"line":19,"column":20},"end":{"line":21,"column":7}},"line":19},"5":{"name":"(anonymous_5)","decl":{"start":{"line":33,"column":25},"end":{"line":33,"column":26}},"loc":{"start":{"line":33,"column":31},"end":{"line":33,"column":49}},"line":33},"6":{"name":"(anonymous_6)","decl":{"start":{"line":34,"column":25},"end":{"line":34,"column":26}},"loc":{"start":{"line":34,"column":31},"end":{"line":34,"column":51}},"line":34}},"branchMap":{"0":{"loc":{"start":{"line":26,"column":5},"end":{"line":36,"column":5}},"type":"cond-expr","locations":[{"start":{"line":26,"column":17},"end":{"line":26,"column":69}},{"start":{"line":27,"column":6},"end":{"line":35,"column":12}}],"line":26}},"s":{"0":2,"1":2,"2":2,"3":0,"4":2,"5":0,"6":0,"7":0,"8":2,"9":0,"10":0},"f":{"0":2,"1":0,"2":0,"3":0,"4":0,"5":0,"6":0},"b":{"0":[0,2]},"_coverageSchema":"1a1c01bbd47fc00a2c39e90264f33305004495a9","hash":"d2c85ed6b403ee3a6db21aab382f939917663bd6"}
}
